
Testing /home/wolfsage/maven/java-goof...

Tested 53 dependencies for known issues, found 45 issues, 45 vulnerable paths.


Issues with no direct upgrade or patch:
  ✗ XML External Entity (XXE) Injection [High Severity][https://snyk.io/vuln/SNYK-JAVA-C3P0-461017] in c3p0:c3p0@0.9.1.2
    introduced by io.github.snyk:todolist-web-struts@1.0-SNAPSHOT > io.github.snyk:todolist-web-common@1.0-SNAPSHOT > io.github.snyk:todolist-core@1.0-SNAPSHOT > c3p0:c3p0@0.9.1.2
  No upgrade or patch available
  ✗ Denial of Service (DoS) [Medium Severity][https://snyk.io/vuln/SNYK-JAVA-C3P0-461018] in c3p0:c3p0@0.9.1.2
    introduced by io.github.snyk:todolist-web-struts@1.0-SNAPSHOT > io.github.snyk:todolist-web-common@1.0-SNAPSHOT > io.github.snyk:todolist-core@1.0-SNAPSHOT > c3p0:c3p0@0.9.1.2
  No upgrade or patch available
  ✗ Denial of Service (DoS) [High Severity][https://snyk.io/vuln/SNYK-JAVA-COMMONSFILEUPLOAD-30082] in commons-fileupload:commons-fileupload@1.3.1
    introduced by io.github.snyk:todolist-web-struts@1.0-SNAPSHOT > org.apache.struts:struts2-core@2.3.20 > commons-fileupload:commons-fileupload@1.3.1
  This issue was fixed in versions: 1.3.2
  ✗ Arbitrary Code Execution [High Severity][https://snyk.io/vuln/SNYK-JAVA-COMMONSFILEUPLOAD-30401] in commons-fileupload:commons-fileupload@1.3.1
    introduced by io.github.snyk:todolist-web-struts@1.0-SNAPSHOT > org.apache.struts:struts2-core@2.3.20 > commons-fileupload:commons-fileupload@1.3.1
  This issue was fixed in versions: 1.3.3
  ✗ Information Disclosure [Medium Severity][https://snyk.io/vuln/SNYK-JAVA-COMMONSFILEUPLOAD-31540] in commons-fileupload:commons-fileupload@1.3.1
    introduced by io.github.snyk:todolist-web-struts@1.0-SNAPSHOT > org.apache.struts:struts2-core@2.3.20 > commons-fileupload:commons-fileupload@1.3.1
  This issue was fixed in versions: 1.3.2
  ✗ XML External Entity (XXE) Injection [High Severity][https://snyk.io/vuln/SNYK-JAVA-DOM4J-174153] in dom4j:dom4j@1.6.1
    introduced by io.github.snyk:todolist-web-struts@1.0-SNAPSHOT > io.github.snyk:todolist-web-common@1.0-SNAPSHOT > io.github.snyk:todolist-core@1.0-SNAPSHOT > org.hibernate:hibernate-core@4.3.7.Final > dom4j:dom4j@1.6.1
  No upgrade or patch available
  ✗ XML External Entity (XXE) Injection [High Severity][https://snyk.io/vuln/SNYK-JAVA-JAVAXSERVLET-30449] in javax.servlet:jstl@1.2
    introduced by io.github.snyk:todolist-web-struts@1.0-SNAPSHOT > io.github.snyk:todolist-web-common@1.0-SNAPSHOT > javax.servlet:jstl@1.2
  No upgrade or patch available
  ✗ Denial of Service (DoS) [Medium Severity][https://snyk.io/vuln/SNYK-JAVA-OGNL-30474] in ognl:ognl@3.0.6
    introduced by io.github.snyk:todolist-web-struts@1.0-SNAPSHOT > org.apache.struts:struts2-core@2.3.20 > ognl:ognl@3.0.6
  This issue was fixed in versions: 3.0.12
  ✗ Manipulation of Struts' internals [High Severity][https://snyk.io/vuln/SNYK-JAVA-ORGAPACHESTRUTS-30060] in org.apache.struts:struts2-core@2.3.20
    introduced by io.github.snyk:todolist-web-struts@1.0-SNAPSHOT > org.apache.struts:struts2-core@2.3.20
  This issue was fixed in versions: 2.3.24.1
  ✗ Arbitrary Code Execution [High Severity][https://snyk.io/vuln/SNYK-JAVA-ORGAPACHESTRUTS-30207] in org.apache.struts:struts2-core@2.3.20
    introduced by io.github.snyk:todolist-web-struts@1.0-SNAPSHOT > org.apache.struts:struts2-core@2.3.20
  This issue was fixed in versions: 2.3.32, 2.5.10.1
  ✗ Command Injection [High Severity][https://snyk.io/vuln/SNYK-JAVA-ORGAPACHESTRUTS-30770] in org.apache.struts:struts2-core@2.3.20
    introduced by io.github.snyk:todolist-web-struts@1.0-SNAPSHOT > org.apache.struts:struts2-core@2.3.20
  This issue was fixed in versions: 2.3.20.2, 2.3.24.2, 2.3.28.1
  ✗ Arbitrary Code Execution [High Severity][https://snyk.io/vuln/SNYK-JAVA-ORGAPACHESTRUTS-30771] in org.apache.struts:struts2-core@2.3.20
    introduced by io.github.snyk:todolist-web-struts@1.0-SNAPSHOT > org.apache.struts:struts2-core@2.3.20
  This issue was fixed in versions: 2.3.20.2, 2.3.24.2, 2.3.28.1
  ✗ Arbitrary Command Execution [High Severity][https://snyk.io/vuln/SNYK-JAVA-ORGAPACHESTRUTS-30772] in org.apache.struts:struts2-core@2.3.20
    introduced by io.github.snyk:todolist-web-struts@1.0-SNAPSHOT > org.apache.struts:struts2-core@2.3.20
  This issue was fixed in versions: 2.3.20.2, 2.3.24.3, 2.3.28.1
  ✗ Cross-site Scripting (XSS) [Medium Severity][https://snyk.io/vuln/SNYK-JAVA-ORGAPACHESTRUTS-30773] in org.apache.struts:struts2-core@2.3.20
    introduced by io.github.snyk:todolist-web-struts@1.0-SNAPSHOT > org.apache.struts:struts2-core@2.3.20
  This issue was fixed in versions: 2.3.28
  ✗ Cross-site Request Forgery (CSRF) [High Severity][https://snyk.io/vuln/SNYK-JAVA-ORGAPACHESTRUTS-30774] in org.apache.struts:struts2-core@2.3.20
    introduced by io.github.snyk:todolist-web-struts@1.0-SNAPSHOT > org.apache.struts:struts2-core@2.3.20
  This issue was fixed in versions: 2.3.29
  ✗ Access Restriction Bypass [High Severity][https://snyk.io/vuln/SNYK-JAVA-ORGAPACHESTRUTS-30775] in org.apache.struts:struts2-core@2.3.20
    introduced by io.github.snyk:todolist-web-struts@1.0-SNAPSHOT > org.apache.struts:struts2-core@2.3.20
  This issue was fixed in versions: 2.3.29
  ✗ Access Restriction Bypass [High Severity][https://snyk.io/vuln/SNYK-JAVA-ORGAPACHESTRUTS-30776] in org.apache.struts:struts2-core@2.3.20
    introduced by io.github.snyk:todolist-web-struts@1.0-SNAPSHOT > org.apache.struts:struts2-core@2.3.20
  This issue was fixed in versions: 2.3.29
  ✗ Denial of Service (DoS) [Medium Severity][https://snyk.io/vuln/SNYK-JAVA-ORGAPACHESTRUTS-30777] in org.apache.struts:struts2-core@2.3.20
    introduced by io.github.snyk:todolist-web-struts@1.0-SNAPSHOT > org.apache.struts:struts2-core@2.3.20
  This issue was fixed in versions: 2.5.1
  ✗ Directory Traversal [High Severity][https://snyk.io/vuln/SNYK-JAVA-ORGAPACHESTRUTS-30778] in org.apache.struts:struts2-core@2.3.20
    introduced by io.github.snyk:todolist-web-struts@1.0-SNAPSHOT > org.apache.struts:struts2-core@2.3.20
  This issue was fixed in versions: 2.3.31
  ✗ Arbitrary Command Execution [High Severity][https://snyk.io/vuln/SNYK-JAVA-ORGAPACHESTRUTS-31495] in org.apache.struts:struts2-core@2.3.20
    introduced by io.github.snyk:todolist-web-struts@1.0-SNAPSHOT > org.apache.struts:struts2-core@2.3.20
  This issue was fixed in versions: 2.3.34, 2.5.13
  ✗ Denial of Service (DoS) [High Severity][https://snyk.io/vuln/SNYK-JAVA-ORGAPACHESTRUTS-31500] in org.apache.struts:struts2-core@2.3.20
    introduced by io.github.snyk:todolist-web-struts@1.0-SNAPSHOT > org.apache.struts:struts2-core@2.3.20
  This issue was fixed in versions: 2.3.33, 2.5.12
  ✗ Denial of Service (DoS) [High Severity][https://snyk.io/vuln/SNYK-JAVA-ORGAPACHESTRUTS-31501] in org.apache.struts:struts2-core@2.3.20
    introduced by io.github.snyk:todolist-web-struts@1.0-SNAPSHOT > org.apache.struts:struts2-core@2.3.20
  This issue was fixed in versions: 2.3.34, 2.5.13
  ✗ Denial of Service (DoS) [High Severity][https://snyk.io/vuln/SNYK-JAVA-ORGAPACHESTRUTS-31502] in org.apache.struts:struts2-core@2.3.20
    introduced by io.github.snyk:todolist-web-struts@1.0-SNAPSHOT > org.apache.struts:struts2-core@2.3.20
  This issue was fixed in versions: 2.3.34, 2.5.13
  ✗ Arbitrary Code Execution [High Severity][https://snyk.io/vuln/SNYK-JAVA-ORGAPACHESTRUTS-31503] in org.apache.struts:struts2-core@2.3.20
    introduced by io.github.snyk:todolist-web-struts@1.0-SNAPSHOT > org.apache.struts:struts2-core@2.3.20
  This issue was fixed in versions: 2.3.34, 2.5.12
  ✗ Remote Code Execution [High Severity][https://snyk.io/vuln/SNYK-JAVA-ORGAPACHESTRUTS-32477] in org.apache.struts:struts2-core@2.3.20
    introduced by io.github.snyk:todolist-web-struts@1.0-SNAPSHOT > org.apache.struts:struts2-core@2.3.20
  This issue was fixed in versions: 2.3.35, 2.5.17
  ✗ Improper Action Name Cleanup [High Severity][https://snyk.io/vuln/SNYK-JAVA-ORGAPACHESTRUTS-451610] in org.apache.struts:struts2-core@2.3.20
    introduced by io.github.snyk:todolist-web-struts@1.0-SNAPSHOT > org.apache.struts:struts2-core@2.3.20
  This issue was fixed in versions: 2.3.29, 2.5.1
  ✗ Regular Expression Denial of Service (ReDoS) [Medium Severity][https://snyk.io/vuln/SNYK-JAVA-ORGAPACHESTRUTS-460223] in org.apache.struts:struts2-core@2.3.20
    introduced by io.github.snyk:todolist-web-struts@1.0-SNAPSHOT > org.apache.struts:struts2-core@2.3.20
  This issue was fixed in versions: 2.3.29, 2.5.1
  ✗ Arbitrary Code Execution [High Severity][https://snyk.io/vuln/SNYK-JAVA-ORGAPACHESTRUTSXWORK-30797] in org.apache.struts.xwork:xwork-core@2.3.20
    introduced by io.github.snyk:todolist-web-struts@1.0-SNAPSHOT > org.apache.struts:struts2-core@2.3.20 > org.apache.struts.xwork:xwork-core@2.3.20
  No upgrade or patch available
  ✗ Parameter Alteration [High Severity][https://snyk.io/vuln/SNYK-JAVA-ORGAPACHESTRUTSXWORK-30798] in org.apache.struts.xwork:xwork-core@2.3.20
    introduced by io.github.snyk:todolist-web-struts@1.0-SNAPSHOT > org.apache.struts:struts2-core@2.3.20 > org.apache.struts.xwork:xwork-core@2.3.20
  This issue was fixed in versions: 2.3.24.1
  ✗ Improper Input Validation [High Severity][https://snyk.io/vuln/SNYK-JAVA-ORGAPACHESTRUTSXWORK-30799] in org.apache.struts.xwork:xwork-core@2.3.20
    introduced by io.github.snyk:todolist-web-struts@1.0-SNAPSHOT > org.apache.struts:struts2-core@2.3.20 > org.apache.struts.xwork:xwork-core@2.3.20
  This issue was fixed in versions: 2.3.28
  ✗ Cross-site Scripting (XSS) [Medium Severity][https://snyk.io/vuln/SNYK-JAVA-ORGAPACHESTRUTSXWORK-30800] in org.apache.struts.xwork:xwork-core@2.3.20
    introduced by io.github.snyk:todolist-web-struts@1.0-SNAPSHOT > org.apache.struts:struts2-core@2.3.20 > org.apache.struts.xwork:xwork-core@2.3.20
  This issue was fixed in versions: 2.3.25
  ✗ Improper Input Validation [Medium Severity][https://snyk.io/vuln/SNYK-JAVA-ORGAPACHESTRUTSXWORK-30801] in org.apache.struts.xwork:xwork-core@2.3.20
    introduced by io.github.snyk:todolist-web-struts@1.0-SNAPSHOT > org.apache.struts:struts2-core@2.3.20 > org.apache.struts.xwork:xwork-core@2.3.20
  No upgrade or patch available
  ✗ Improper Input Validation [High Severity][https://snyk.io/vuln/SNYK-JAVA-ORGAPACHESTRUTSXWORK-30802] in org.apache.struts.xwork:xwork-core@2.3.20
    introduced by io.github.snyk:todolist-web-struts@1.0-SNAPSHOT > org.apache.struts:struts2-core@2.3.20 > org.apache.struts.xwork:xwork-core@2.3.20
  No upgrade or patch available
  ✗ Arbitrary Code Execution [High Severity][https://snyk.io/vuln/SNYK-JAVA-ORGAPACHESTRUTSXWORK-30803] in org.apache.struts.xwork:xwork-core@2.3.20
    introduced by io.github.snyk:todolist-web-struts@1.0-SNAPSHOT > org.apache.struts:struts2-core@2.3.20 > org.apache.struts.xwork:xwork-core@2.3.20
  No upgrade or patch available
  ✗ Regular Expression Denial of Service (ReDoS) [Medium Severity][https://snyk.io/vuln/SNYK-JAVA-ORGAPACHESTRUTSXWORK-30804] in org.apache.struts.xwork:xwork-core@2.3.20
    introduced by io.github.snyk:todolist-web-struts@1.0-SNAPSHOT > org.apache.struts:struts2-core@2.3.20 > org.apache.struts.xwork:xwork-core@2.3.20
  This issue was fixed in versions: 2.3.29
  ✗ Command Injection [High Severity][https://snyk.io/vuln/SNYK-JAVA-ORGAPACHESTRUTSXWORK-451611] in org.apache.struts.xwork:xwork-core@2.3.20
    introduced by io.github.snyk:todolist-web-struts@1.0-SNAPSHOT > org.apache.struts:struts2-core@2.3.20 > org.apache.struts.xwork:xwork-core@2.3.20
  This issue was fixed in versions: 2.3.20.2, 2.3.24.2, 2.3.28.1
  ✗ Insecure Defaults [High Severity][https://snyk.io/vuln/SNYK-JAVA-ORGAPACHESTRUTSXWORK-474418] in org.apache.struts.xwork:xwork-core@2.3.20
    introduced by io.github.snyk:todolist-web-struts@1.0-SNAPSHOT > org.apache.struts:struts2-core@2.3.20 > org.apache.struts.xwork:xwork-core@2.3.20
  This issue was fixed in versions: 2.3.20.1
  ✗ JSM bypass via ReflectionHelper [Medium Severity][https://snyk.io/vuln/SNYK-JAVA-ORGHIBERNATE-30098] in org.hibernate:hibernate-validator@4.3.1.Final
    introduced by io.github.snyk:todolist-web-struts@1.0-SNAPSHOT > io.github.snyk:todolist-web-common@1.0-SNAPSHOT > org.hibernate:hibernate-validator@4.3.1.Final
  This issue was fixed in versions: 4.3.2.Final, 5.2.1.Final
  ✗ XML External Entity (XXE) Injection [High Severity][https://snyk.io/vuln/SNYK-JAVA-ORGSPRINGFRAMEWORK-30163] in org.springframework:spring-web@3.2.6.RELEASE
    introduced by io.github.snyk:todolist-web-struts@1.0-SNAPSHOT > org.springframework:spring-web@3.2.6.RELEASE
  This issue was fixed in versions: 3.2.9.RELEASE, 4.0.5.RELEASE
  ✗ Denial of Service (DoS) [Medium Severity][https://snyk.io/vuln/SNYK-JAVA-ORGSPRINGFRAMEWORK-30164] in org.springframework:spring-web@3.2.6.RELEASE
    introduced by io.github.snyk:todolist-web-struts@1.0-SNAPSHOT > org.springframework:spring-web@3.2.6.RELEASE
  This issue was fixed in versions: 3.2.14.RELEASE, 4.1.7.RELEASE
  ✗ Reflected File Download [High Severity][https://snyk.io/vuln/SNYK-JAVA-ORGSPRINGFRAMEWORK-30165] in org.springframework:spring-web@3.2.6.RELEASE
    introduced by io.github.snyk:todolist-web-struts@1.0-SNAPSHOT > org.springframework:spring-web@3.2.6.RELEASE
  This issue was fixed in versions: 3.2.15.RELEASE, 4.1.8.RELEASE, 4.2.2.RELEASE
  ✗ Cross-site Request Forgery (CSRF) [Medium Severity][https://snyk.io/vuln/SNYK-JAVA-ORGSPRINGFRAMEWORK-31331] in org.springframework:spring-web@3.2.6.RELEASE
    introduced by io.github.snyk:todolist-web-struts@1.0-SNAPSHOT > org.springframework:spring-web@3.2.6.RELEASE
  This issue was fixed in versions: 3.2.8.RELEASE, 4.0.2.RELEASE
  ✗ Directory Traversal [Medium Severity][https://snyk.io/vuln/SNYK-JAVA-ORGSPRINGFRAMEWORK-31325] in org.springframework:spring-core@3.2.6.RELEASE
    introduced by io.github.snyk:todolist-web-struts@1.0-SNAPSHOT > org.springframework:spring-web@3.2.6.RELEASE > org.springframework:spring-core@3.2.6.RELEASE
  This issue was fixed in versions: 3.2.9.RELEASE, 4.0.5.RELEASE
  ✗ Directory Traversal [Medium Severity][https://snyk.io/vuln/SNYK-JAVA-ORGSPRINGFRAMEWORK-467012] in org.springframework:spring-core@3.2.6.RELEASE
    introduced by io.github.snyk:todolist-web-struts@1.0-SNAPSHOT > org.springframework:spring-web@3.2.6.RELEASE > org.springframework:spring-core@3.2.6.RELEASE
  This issue was fixed in versions: 3.2.9.RELEASE, 4.0.5.RELEASE
  ✗ Arbitrary File Write via Archive Extraction (Zip Slip) [Medium Severity][https://snyk.io/vuln/SNYK-JAVA-ORGZEROTURNAROUND-31681] in org.zeroturnaround:zt-zip@1.12
    introduced by io.github.snyk:todolist-web-struts@1.0-SNAPSHOT > org.zeroturnaround:zt-zip@1.12
  This issue was fixed in versions: 1.13



Organization:      chastest
Package manager:   maven
Target file:       pom.xml
Open source:       no
Project path:      /home/wolfsage/maven/java-goof
Licenses:          enabled

